Welcome-Login-Signup-Page-Flutter-master/build/app/intermediates/manifest_merge_blame_file/debug/manifest-merger-blame-debug-report.txt
1<?xml version="1.0" encoding="utf-8"?>
2<manifest xmlns:android="http://schemas.android.com/apk/res/android"
3    package="com.example.flutter_auth"
4    android:versionCode="1"
5    android:versionName="1.0.0" >
6
7    <uses-sdk
8        android:minSdkVersion="19"
9        android:targetSdkVersion="28" />
10    <!--
11         Flutter needs it to communicate with the running application
12         to allow setting breakpoints, to provide hot reload, etc.
13    -->
14    <uses-permission android:name="android.permission.INTERNET" />
14-->src\debug\AndroidManifest.xml:6:5-66
14-->src\debug\AndroidManifest.xml:6:22-64
15    <uses-permission android:name="android.permission.ACCESS_NETWORK_STATE" />
15-->[com.google.android.gms:play-services-measurement-api:20.1.0] AndroidManifest.xml:23:5-79
15-->[com.google.android.gms:play-services-measurement-api:20.1.0] AndroidManifest.xml:23:22-76
16    <uses-permission android:name="android.permission.WAKE_LOCK" />
16-->[com.google.android.gms:play-services-measurement-api:20.1.0] AndroidManifest.xml:24:5-68
16-->[com.google.android.gms:play-services-measurement-api:20.1.0] AndroidManifest.xml:24:22-65
17    <uses-permission android:name="com.google.android.finsky.permission.BIND_GET_INSTALL_REFERRER_SERVICE" /> <!-- Include required permissions for Advertising Id -->
17-->[com.google.android.gms:play-services-measurement:20.1.0] AndroidManifest.xml:26:5-110
17-->[com.google.android.gms:play-services-measurement:20.1.0] AndroidManifest.xml:26:22-107
18    <uses-permission android:name="com.google.android.gms.permission.AD_ID" />
18-->[com.google.android.gms:play-services-ads-identifier:18.0.0] AndroidManifest.xml:23:5-79
18-->[com.google.android.gms:play-services-ads-identifier:18.0.0] AndroidManifest.xml:23:22-76
19    <!--
20 io.flutter.app.FlutterApplication is an android.app.Application that
21         calls FlutterMain.startInitialization(this); in its onCreate method.
22         In most cases you can leave this as-is, but you if you want to provide
23         additional functionality it is fine to subclass or reimplement
24         FlutterApplication and put your custom class here.
25    -->
26    <application
26-->src\main\AndroidManifest.xml:8:5-29:19
27        android:name="io.flutter.app.FlutterApplication"
27-->src\main\AndroidManifest.xml:9:9-57
28        android:appComponentFactory="androidx.core.app.CoreComponentFactory"
28-->[androidx.core:core:1.6.0] AndroidManifest.xml:24:18-86
29        android:debuggable="true"
30        android:icon="@mipmap/ic_launcher"
30-->src\main\AndroidManifest.xml:11:9-43
31        android:label="flutter_auth" >
31-->src\main\AndroidManifest.xml:10:9-37
32        <activity
32-->src\main\AndroidManifest.xml:12:9-23:20
33            android:name="com.example.flutter_auth.MainActivity"
33-->src\main\AndroidManifest.xml:13:13-41
34            android:configChanges="orientation|keyboardHidden|keyboard|screenSize|smallestScreenSize|locale|layoutDirection|fontScale|screenLayout|density|uiMode"
34-->src\main\AndroidManifest.xml:16:13-163
35            android:hardwareAccelerated="true"
35-->src\main\AndroidManifest.xml:17:13-47
36            android:launchMode="singleTop"
36-->src\main\AndroidManifest.xml:14:13-43
37            android:theme="@style/LaunchTheme"
37-->src\main\AndroidManifest.xml:15:13-47
38            android:windowSoftInputMode="adjustResize" >
38-->src\main\AndroidManifest.xml:18:13-55
39            <intent-filter>
39-->src\main\AndroidManifest.xml:19:13-22:29
40                <action android:name="android.intent.action.MAIN" />
40-->src\main\AndroidManifest.xml:20:17-68
40-->src\main\AndroidManifest.xml:20:25-66
41
42                <category android:name="android.intent.category.LAUNCHER" />
42-->src\main\AndroidManifest.xml:21:17-76
42-->src\main\AndroidManifest.xml:21:27-74
43            </intent-filter>
44        </activity>
45        <!--
46             Don't delete the meta-data below.
47             This is used by the Flutter tool to generate GeneratedPluginRegistrant.java
48        -->
49        <meta-data
49-->src\main\AndroidManifest.xml:26:9-28:33
50            android:name="flutterEmbedding"
50-->src\main\AndroidManifest.xml:27:13-44
51            android:value="2" />
51-->src\main\AndroidManifest.xml:28:13-30
52
53        <service
53-->[com.google.android.gms:play-services-measurement-api:20.1.0] AndroidManifest.xml:27:9-33:19
54            android:name="com.google.firebase.components.ComponentDiscoveryService"
54-->[com.google.android.gms:play-services-measurement-api:20.1.0] AndroidManifest.xml:28:13-84
55            android:directBootAware="true"
55-->[com.google.firebase:firebase-common:20.0.0] AndroidManifest.xml:35:13-43
56            android:exported="false" >
56-->[com.google.android.gms:play-services-measurement-api:20.1.0] AndroidManifest.xml:29:13-37
57            <meta-data
57-->[com.google.android.gms:play-services-measurement-api:20.1.0] AndroidManifest.xml:30:13-32:85
58                android:name="com.google.firebase.components:com.google.firebase.analytics.connector.internal.AnalyticsConnectorRegistrar"
58-->[com.google.android.gms:play-services-measurement-api:20.1.0] AndroidManifest.xml:31:17-139
59                android:value="com.google.firebase.components.ComponentRegistrar" />
59-->[com.google.android.gms:play-services-measurement-api:20.1.0] AndroidManifest.xml:32:17-82
60            <meta-data
60-->[com.google.firebase:firebase-installations:17.0.0] AndroidManifest.xml:18:13-20:85
61                android:name="com.google.firebase.components:com.google.firebase.installations.FirebaseInstallationsRegistrar"
61-->[com.google.firebase:firebase-installations:17.0.0] AndroidManifest.xml:19:17-127
62                android:value="com.google.firebase.components.ComponentRegistrar" />
62-->[com.google.firebase:firebase-installations:17.0.0] AndroidManifest.xml:20:17-82
63        </service>
64
65        <provider
65-->[com.google.firebase:firebase-common:20.0.0] AndroidManifest.xml:26:9-31:39
66            android:name="com.google.firebase.provider.FirebaseInitProvider"
66-->[com.google.firebase:firebase-common:20.0.0] AndroidManifest.xml:27:13-77
67            android:authorities="com.example.flutter_auth.firebaseinitprovider"
67-->[com.google.firebase:firebase-common:20.0.0] AndroidManifest.xml:28:13-72
68            android:directBootAware="true"
68-->[com.google.firebase:firebase-common:20.0.0] AndroidManifest.xml:29:13-43
69            android:exported="false"
69-->[com.google.firebase:firebase-common:20.0.0] AndroidManifest.xml:30:13-37
70            android:initOrder="100" />
70-->[com.google.firebase:firebase-common:20.0.0] AndroidManifest.xml:31:13-36
71
72        <receiver
72-->[com.google.android.gms:play-services-measurement:20.1.0] AndroidManifest.xml:29:9-33:20
73            android:name="com.google.android.gms.measurement.AppMeasurementReceiver"
73-->[com.google.android.gms:play-services-measurement:20.1.0] AndroidManifest.xml:30:13-85
74            android:enabled="true"
74-->[com.google.android.gms:play-services-measurement:20.1.0] AndroidManifest.xml:31:13-35
75            android:exported="false" >
75-->[com.google.android.gms:play-services-measurement:20.1.0] AndroidManifest.xml:32:13-37
76        </receiver>
77
78        <service
78-->[com.google.android.gms:play-services-measurement:20.1.0] AndroidManifest.xml:35:9-38:40
79            android:name="com.google.android.gms.measurement.AppMeasurementService"
79-->[com.google.android.gms:play-services-measurement:20.1.0] AndroidManifest.xml:36:13-84
80            android:enabled="true"
80-->[com.google.android.gms:play-services-measurement:20.1.0] AndroidManifest.xml:37:13-35
81            android:exported="false" />
81-->[com.google.android.gms:play-services-measurement:20.1.0] AndroidManifest.xml:38:13-37
82        <service
82-->[com.google.android.gms:play-services-measurement:20.1.0] AndroidManifest.xml:39:9-43:72
83            android:name="com.google.android.gms.measurement.AppMeasurementJobService"
83-->[com.google.android.gms:play-services-measurement:20.1.0] AndroidManifest.xml:40:13-87
84            android:enabled="true"
84-->[com.google.android.gms:play-services-measurement:20.1.0] AndroidManifest.xml:41:13-35
85            android:exported="false"
85-->[com.google.android.gms:play-services-measurement:20.1.0] AndroidManifest.xml:42:13-37
86            android:permission="android.permission.BIND_JOB_SERVICE" />
86-->[com.google.android.gms:play-services-measurement:20.1.0] AndroidManifest.xml:43:13-69
87
88        <meta-data
88-->[com.google.android.gms:play-services-basement:18.0.0] AndroidManifest.xml:21:9-23:69
89            android:name="com.google.android.gms.version"
89-->[com.google.android.gms:play-services-basement:18.0.0] AndroidManifest.xml:22:13-58
90            android:value="@integer/google_play_services_version" />
90-->[com.google.android.gms:play-services-basement:18.0.0] AndroidManifest.xml:23:13-66
91    </application>
92
93</manifest>